This is pdfTeX, Version 3.14159265-2.6-1.40.19 (TeX Live 2018) (preloaded format=pdflatex 2018.6.13)  28 JUN 2018 11:20
entering extended mode
 restricted \write18 enabled.
 file:line:error style messages enabled.
 %&-line parsing enabled.
**article.tex
(./article.tex
LaTeX2e <2018-04-01> patch level 2
Babel <3.18> and hyphenation patterns for 84 language(s) loaded.
(/usr/local/texlive/2018/texmf-dist/tex/latex/base/article.cls
Document Class: article 2014/09/29 v1.4h Standard LaTeX document class
(/usr/local/texlive/2018/texmf-dist/tex/latex/base/size12.clo
File: size12.clo 2014/09/29 v1.4h Standard LaTeX file (size option)
)
\c@part=\count80
\c@section=\count81
\c@subsection=\count82
\c@subsubsection=\count83
\c@paragraph=\count84
\c@subparagraph=\count85
\c@figure=\count86
\c@table=\count87
\abovecaptionskip=\skip41
\belowcaptionskip=\skip42
\bibindent=\dimen102
)
(./irisarticle.sty
Package: irisarticle 2005/05/31 v0.1 irisarticle

Package: `irisarticle' v0.1 <2005/05/31>
Article style of the Institute of Robotics and Intelligent Systems, ETH Zurich.

(/usr/local/texlive/2018/texmf-dist/tex/latex/ntgclass/a4.sty
Package: a4 2004/04/15 v1.2g A4 based page layout
)
(/usr/local/texlive/2018/texmf-dist/tex/latex/amsmath/amsmath.sty
Package: amsmath 2017/09/02 v2.17a AMS math features
\@mathmargin=\skip43

For additional information on amsmath, use the `?' option.
(/usr/local/texlive/2018/texmf-dist/tex/latex/amsmath/amstext.sty
Package: amstext 2000/06/29 v2.01 AMS text

(/usr/local/texlive/2018/texmf-dist/tex/latex/amsmath/amsgen.sty
File: amsgen.sty 1999/11/30 v2.0 generic functions
\@emptytoks=\toks14
\ex@=\dimen103
))
(/usr/local/texlive/2018/texmf-dist/tex/latex/amsmath/amsbsy.sty
Package: amsbsy 1999/11/29 v1.2d Bold Symbols
\pmbraise@=\dimen104
)
(/usr/local/texlive/2018/texmf-dist/tex/latex/amsmath/amsopn.sty
Package: amsopn 2016/03/08 v2.02 operator names
)
\inf@bad=\count88
LaTeX Info: Redefining \frac on input line 213.
\uproot@=\count89
\leftroot@=\count90
LaTeX Info: Redefining \overline on input line 375.
\classnum@=\count91
\DOTSCASE@=\count92
LaTeX Info: Redefining \ldots on input line 472.
LaTeX Info: Redefining \dots on input line 475.
LaTeX Info: Redefining \cdots on input line 596.
\Mathstrutbox@=\box26
\strutbox@=\box27
\big@size=\dimen105
LaTeX Font Info:    Redeclaring font encoding OML on input line 712.
LaTeX Font Info:    Redeclaring font encoding OMS on input line 713.
\macc@depth=\count93
\c@MaxMatrixCols=\count94
\dotsspace@=\muskip10
\c@parentequation=\count95
\dspbrk@lvl=\count96
\tag@help=\toks15
\row@=\count97
\column@=\count98
\maxfields@=\count99
\andhelp@=\toks16
\eqnshift@=\dimen106
\alignsep@=\dimen107
\tagshift@=\dimen108
\tagwidth@=\dimen109
\totwidth@=\dimen110
\lineht@=\dimen111
\@envbody=\toks17
\multlinegap=\skip44
\multlinetaggap=\skip45
\mathdisplay@stack=\toks18
LaTeX Info: Redefining \[ on input line 2817.
LaTeX Info: Redefining \] on input line 2818.
)
(/usr/local/texlive/2018/texmf-dist/tex/latex/fancyhdr/fancyhdr.sty
Package: fancyhdr 2017/06/30 v3.9a Extensive control of page headers and footer
s
\f@nch@headwidth=\skip46
\f@nch@O@elh=\skip47
\f@nch@O@erh=\skip48
\f@nch@O@olh=\skip49
\f@nch@O@orh=\skip50
\f@nch@O@elf=\skip51
\f@nch@O@erf=\skip52
\f@nch@O@olf=\skip53
\f@nch@O@orf=\skip54
)
(/usr/local/texlive/2018/texmf-dist/tex/latex/graphics/graphicx.sty
Package: graphicx 2017/06/01 v1.1a Enhanced LaTeX Graphics (DPC,SPQR)

(/usr/local/texlive/2018/texmf-dist/tex/latex/graphics/keyval.sty
Package: keyval 2014/10/28 v1.15 key=value parser (DPC)
\KV@toks@=\toks19
)
(/usr/local/texlive/2018/texmf-dist/tex/latex/graphics/graphics.sty
Package: graphics 2017/06/25 v1.2c Standard LaTeX Graphics (DPC,SPQR)

(/usr/local/texlive/2018/texmf-dist/tex/latex/graphics/trig.sty
Package: trig 2016/01/03 v1.10 sin cos tan (DPC)
)
(/usr/local/texlive/2018/texmf-dist/tex/latex/graphics-cfg/graphics.cfg
File: graphics.cfg 2016/06/04 v1.11 sample graphics configuration
)
Package graphics Info: Driver file: pdftex.def on input line 99.

(/usr/local/texlive/2018/texmf-dist/tex/latex/graphics-def/pdftex.def
File: pdftex.def 2018/01/08 v1.0l Graphics/color driver for pdftex
))
\Gin@req@height=\dimen112
\Gin@req@width=\dimen113
)
(/usr/local/texlive/2018/texmf-dist/tex/latex/setspace/setspace.sty
Package: setspace 2011/12/19 v6.7a set line spacing
))
(/usr/local/texlive/2018/texmf-dist/tex/latex/subfigure/subfigure.sty
Package: subfigure 2002/03/15 v2.1.5 subfigure package
\subfigtopskip=\skip55
\subfigcapskip=\skip56
\subfigcaptopadj=\dimen114
\subfigbottomskip=\skip57
\subfigcapmargin=\dimen115
\subfiglabelskip=\skip58
\c@subfigure=\count100
\c@lofdepth=\count101
\c@subtable=\count102
\c@lotdepth=\count103

****************************************
* Local config file subfigure.cfg used *
****************************************
(/usr/local/texlive/2018/texmf-dist/tex/latex/subfigure/subfigure.cfg)
\subfig@top=\skip59
\subfig@bottom=\skip60
)
(/usr/local/texlive/2018/texmf-dist/tex/latex/SIunits/SIunits.sty
Package: SIunits 2007/12/02 v1.36 Support for the International System of units
 (MH)


\@qskwidth=\skip61
Now handling font encoding TS1 ...
... processing UTF-8 mapping file for font encoding TS1
(/usr/local/texlive/2018/texmf-dist/tex/latex/base/ts1enc.dfu
File: ts1enc.dfu 2018/04/05 v1.2c UTF-8 support for inputenc
   defining Unicode char U+00A2 (decimal 162)
   defining Unicode char U+00A3 (decimal 163)
   defining Unicode char U+00A4 (decimal 164)
   defining Unicode char U+00A5 (decimal 165)
   defining Unicode char U+00A6 (decimal 166)
   defining Unicode char U+00A7 (decimal 167)
   defining Unicode char U+00A8 (decimal 168)
   defining Unicode char U+00A9 (decimal 169)
   defining Unicode char U+00AA (decimal 170)
   defining Unicode char U+00AC (decimal 172)
   defining Unicode char U+00AE (decimal 174)
   defining Unicode char U+00AF (decimal 175)
   defining Unicode char U+00B0 (decimal 176)
   defining Unicode char U+00B1 (decimal 177)
   defining Unicode char U+00B2 (decimal 178)
   defining Unicode char U+00B3 (decimal 179)
   defining Unicode char U+00B4 (decimal 180)
   defining Unicode char U+00B5 (decimal 181)
   defining Unicode char U+00B6 (decimal 182)
   defining Unicode char U+00B7 (decimal 183)
   defining Unicode char U+00B9 (decimal 185)
   defining Unicode char U+00BA (decimal 186)
   defining Unicode char U+00BC (decimal 188)
   defining Unicode char U+00BD (decimal 189)
   defining Unicode char U+00BE (decimal 190)
   defining Unicode char U+00D7 (decimal 215)
   defining Unicode char U+00F7 (decimal 247)
   defining Unicode char U+0192 (decimal 402)
   defining Unicode char U+02C7 (decimal 711)
   defining Unicode char U+02D8 (decimal 728)
   defining Unicode char U+02DD (decimal 733)
   defining Unicode char U+0E3F (decimal 3647)
   defining Unicode char U+2016 (decimal 8214)
   defining Unicode char U+2020 (decimal 8224)
   defining Unicode char U+2021 (decimal 8225)
   defining Unicode char U+2022 (decimal 8226)
   defining Unicode char U+2030 (decimal 8240)
   defining Unicode char U+2031 (decimal 8241)
   defining Unicode char U+203B (decimal 8251)
   defining Unicode char U+203D (decimal 8253)
   defining Unicode char U+2044 (decimal 8260)
   defining Unicode char U+204E (decimal 8270)
   defining Unicode char U+2052 (decimal 8274)
   defining Unicode char U+20A1 (decimal 8353)
   defining Unicode char U+20A4 (decimal 8356)
   defining Unicode char U+20A6 (decimal 8358)
   defining Unicode char U+20A9 (decimal 8361)
   defining Unicode char U+20AB (decimal 8363)
   defining Unicode char U+20AC (decimal 8364)
   defining Unicode char U+20B1 (decimal 8369)
   defining Unicode char U+2103 (decimal 8451)
   defining Unicode char U+2116 (decimal 8470)
   defining Unicode char U+2117 (decimal 8471)
   defining Unicode char U+211E (decimal 8478)
   defining Unicode char U+2120 (decimal 8480)
   defining Unicode char U+2122 (decimal 8482)
   defining Unicode char U+2126 (decimal 8486)
   defining Unicode char U+2127 (decimal 8487)
   defining Unicode char U+212E (decimal 8494)
   defining Unicode char U+2190 (decimal 8592)
   defining Unicode char U+2191 (decimal 8593)
   defining Unicode char U+2192 (decimal 8594)
   defining Unicode char U+2193 (decimal 8595)
   defining Unicode char U+2329 (decimal 9001)
   defining Unicode char U+232A (decimal 9002)
   defining Unicode char U+2422 (decimal 9250)
   defining Unicode char U+25E6 (decimal 9702)
   defining Unicode char U+25EF (decimal 9711)
   defining Unicode char U+266A (decimal 9834)
   defining Unicode char U+FEFF (decimal 65279)
)
\symgreek=\mathgroup4

(/usr/local/texlive/2018/texmf-dist/tex/latex/SIunits/SIunits.cfg)
LaTeX Info: Redefining \usk on input line 576.

Option `thickspace' provided!
LaTeX Info: Redefining \@qsk on input line 576.
Option `thinqspace' provided!
) (/usr/local/texlive/2018/texmf-dist/tex/latex/hyperref/hyperref.sty
Package: hyperref 2018/02/06 v6.86b Hypertext links for LaTeX

(/usr/local/texlive/2018/texmf-dist/tex/generic/oberdiek/hobsub-hyperref.sty
Package: hobsub-hyperref 2016/05/16 v1.14 Bundle oberdiek, subset hyperref (HO)


(/usr/local/texlive/2018/texmf-dist/tex/generic/oberdiek/hobsub-generic.sty
Package: hobsub-generic 2016/05/16 v1.14 Bundle oberdiek, subset generic (HO)
Package: hobsub 2016/05/16 v1.14 Construct package bundles (HO)
Package: infwarerr 2016/05/16 v1.4 Providing info/warning/error messages (HO)
Package: ltxcmds 2016/05/16 v1.23 LaTeX kernel commands for general use (HO)
Package: ifluatex 2016/05/16 v1.4 Provides the ifluatex switch (HO)
Package ifluatex Info: LuaTeX not detected.
Package: ifvtex 2016/05/16 v1.6 Detect VTeX and its facilities (HO)
Package ifvtex Info: VTeX not detected.
Package: intcalc 2016/05/16 v1.2 Expandable calculations with integers (HO)
Package: ifpdf 2017/03/15 v3.2 Provides the ifpdf switch
Package: etexcmds 2016/05/16 v1.6 Avoid name clashes with e-TeX commands (HO)
Package etexcmds Info: Could not find \expanded.
(etexcmds)             That can mean that you are not using pdfTeX 1.50 or
(etexcmds)             that some package has redefined \expanded.
(etexcmds)             In the latter case, load this package earlier.
Package: kvsetkeys 2016/05/16 v1.17 Key value parser (HO)
Package: kvdefinekeys 2016/05/16 v1.4 Define keys (HO)
Package: pdftexcmds 2018/01/30 v0.27 Utility functions of pdfTeX for LuaTeX (HO
)
Package pdftexcmds Info: LuaTeX not detected.
Package pdftexcmds Info: \pdf@primitive is available.
Package pdftexcmds Info: \pdf@ifprimitive is available.
Package pdftexcmds Info: \pdfdraftmode found.
Package: pdfescape 2016/05/16 v1.14 Implements pdfTeX's escape features (HO)
Package: bigintcalc 2016/05/16 v1.4 Expandable calculations on big integers (HO
)
Package: bitset 2016/05/16 v1.2 Handle bit-vector datatype (HO)
Package: uniquecounter 2016/05/16 v1.3 Provide unlimited unique counter (HO)
)
Package hobsub Info: Skipping package `hobsub' (already loaded).
Package: letltxmacro 2016/05/16 v1.5 Let assignment for LaTeX macros (HO)
Package: hopatch 2016/05/16 v1.3 Wrapper for package hooks (HO)
Package: xcolor-patch 2016/05/16 xcolor patch
Package: atveryend 2016/05/16 v1.9 Hooks at the very end of document (HO)
Package atveryend Info: \enddocument detected (standard20110627).
Package: atbegshi 2016/06/09 v1.18 At begin shipout hook (HO)
Package: refcount 2016/05/16 v3.5 Data extraction from label references (HO)
Package: hycolor 2016/05/16 v1.8 Color options for hyperref/bookmark (HO)
)
(/usr/local/texlive/2018/texmf-dist/tex/generic/ifxetex/ifxetex.sty
Package: ifxetex 2010/09/12 v0.6 Provides ifxetex conditional
)
(/usr/local/texlive/2018/texmf-dist/tex/latex/oberdiek/auxhook.sty
Package: auxhook 2016/05/16 v1.4 Hooks for auxiliary files (HO)
)
(/usr/local/texlive/2018/texmf-dist/tex/latex/oberdiek/kvoptions.sty
Package: kvoptions 2016/05/16 v3.12 Key value format for package options (HO)
)
\@linkdim=\dimen116
\Hy@linkcounter=\count104
\Hy@pagecounter=\count105

(/usr/local/texlive/2018/texmf-dist/tex/latex/hyperref/pd1enc.def
File: pd1enc.def 2018/02/06 v6.86b Hyperref: PDFDocEncoding definition (HO)
Now handling font encoding PD1 ...
... no UTF-8 mapping file for font encoding PD1
)
\Hy@SavedSpaceFactor=\count106

(/usr/local/texlive/2018/texmf-dist/tex/latex/latexconfig/hyperref.cfg
File: hyperref.cfg 2002/06/06 v1.2 hyperref configuration of TeXLive
)
Package hyperref Info: Hyper figures OFF on input line 4509.
Package hyperref Info: Link nesting OFF on input line 4514.
Package hyperref Info: Hyper index ON on input line 4517.
Package hyperref Info: Plain pages OFF on input line 4524.
Package hyperref Info: Backreferencing OFF on input line 4529.
Package hyperref Info: Implicit mode ON; LaTeX internals redefined.
Package hyperref Info: Bookmarks ON on input line 4762.
\c@Hy@tempcnt=\count107

(/usr/local/texlive/2018/texmf-dist/tex/latex/url/url.sty
\Urlmuskip=\muskip11
Package: url 2013/09/16  ver 3.4  Verb mode for urls, etc.
)
LaTeX Info: Redefining \url on input line 5115.
\XeTeXLinkMargin=\dimen117
\Fld@menulength=\count108
\Field@Width=\dimen118
\Fld@charsize=\dimen119
Package hyperref Info: Hyper figures OFF on input line 6369.
Package hyperref Info: Link nesting OFF on input line 6374.
Package hyperref Info: Hyper index ON on input line 6377.
Package hyperref Info: backreferencing OFF on input line 6384.
Package hyperref Info: Link coloring OFF on input line 6389.
Package hyperref Info: Link coloring with OCG OFF on input line 6394.
Package hyperref Info: PDF/A mode OFF on input line 6399.
LaTeX Info: Redefining \ref on input line 6439.
LaTeX Info: Redefining \pageref on input line 6443.
\Hy@abspage=\count109
\c@Item=\count110
\c@Hfootnote=\count111
)
Package hyperref Info: Driver (autodetected): hpdftex.

(/usr/local/texlive/2018/texmf-dist/tex/latex/hyperref/hpdftex.def
File: hpdftex.def 2018/02/06 v6.86b Hyperref driver for pdfTeX
\Fld@listcount=\count112
\c@bookmark@seq@number=\count113

(/usr/local/texlive/2018/texmf-dist/tex/latex/oberdiek/rerunfilecheck.sty
Package: rerunfilecheck 2016/05/16 v1.8 Rerun checks for auxiliary files (HO)
Package uniquecounter Info: New unique counter `rerunfilecheck' on input line 2
82.
)
\Hy@SectionHShift=\skip62
)
(/usr/local/texlive/2018/texmf-dist/tex/latex/pdfpages/pdfpages.sty
Package: pdfpages 2017/10/31 v0.5l Insert pages of external PDF documents (AM)

(/usr/local/texlive/2018/texmf-dist/tex/latex/base/ifthen.sty
Package: ifthen 2014/09/29 v1.1c Standard LaTeX ifthen package (DPC)
)
(/usr/local/texlive/2018/texmf-dist/tex/latex/tools/calc.sty
Package: calc 2017/05/25 v4.3 Infix arithmetic (KKT,FJ)
\calc@Acount=\count114
\calc@Bcount=\count115
\calc@Adimen=\dimen120
\calc@Bdimen=\dimen121
\calc@Askip=\skip63
\calc@Bskip=\skip64
LaTeX Info: Redefining \setlength on input line 80.
LaTeX Info: Redefining \addtolength on input line 81.
\calc@Ccount=\count116
\calc@Cskip=\skip65
)
(/usr/local/texlive/2018/texmf-dist/tex/latex/eso-pic/eso-pic.sty
Package: eso-pic 2015/07/21 v2.0g eso-pic (RN)

(/usr/local/texlive/2018/texmf-dist/tex/latex/xcolor/xcolor.sty
Package: xcolor 2016/05/11 v2.12 LaTeX color extensions (UK)

(/usr/local/texlive/2018/texmf-dist/tex/latex/graphics-cfg/color.cfg
File: color.cfg 2016/01/02 v1.6 sample color configuration
)
Package xcolor Info: Driver file: pdftex.def on input line 225.
Package xcolor Info: Model `cmy' substituted by `cmy0' on input line 1348.
Package xcolor Info: Model `hsb' substituted by `rgb' on input line 1352.
Package xcolor Info: Model `RGB' extended on input line 1364.
Package xcolor Info: Model `HTML' substituted by `rgb' on input line 1366.
Package xcolor Info: Model `Hsb' substituted by `hsb' on input line 1367.
Package xcolor Info: Model `tHsb' substituted by `hsb' on input line 1368.
Package xcolor Info: Model `HSB' substituted by `hsb' on input line 1369.
Package xcolor Info: Model `Gray' substituted by `gray' on input line 1370.
Package xcolor Info: Model `wave' substituted by `hsb' on input line 1371.
))
\AM@pagewidth=\dimen122
\AM@pageheight=\dimen123

(/usr/local/texlive/2018/texmf-dist/tex/latex/pdfpages/pppdftex.def
File: pppdftex.def 2017/10/31 v0.5l Pdfpages driver for pdfTeX (AM)
)
\AM@pagebox=\box28
\AM@global@opts=\toks20
\AM@toc@title=\toks21
\c@AM@survey=\count117
\AM@templatesizebox=\box29
)
(./article.aux

LaTeX Warning: Label `eq:DiffFlux' multiply defined.

(./Appendix.aux

LaTeX Warning: Label `fig:nephron_velocity' multiply defined.


LaTeX Warning: Label `fig:nephron_pressure' multiply defined.

))
\openout1 = `article.aux'.

LaTeX Font Info:    Checking defaults for OML/cmm/m/it on input line 63.
LaTeX Font Info:    ... okay on input line 63.
LaTeX Font Info:    Checking defaults for T1/cmr/m/n on input line 63.
LaTeX Font Info:    ... okay on input line 63.
LaTeX Font Info:    Checking defaults for OT1/cmr/m/n on input line 63.
LaTeX Font Info:    ... okay on input line 63.
LaTeX Font Info:    Checking defaults for OMS/cmsy/m/n on input line 63.
LaTeX Font Info:    ... okay on input line 63.
LaTeX Font Info:    Checking defaults for OMX/cmex/m/n on input line 63.
LaTeX Font Info:    ... okay on input line 63.
LaTeX Font Info:    Checking defaults for U/cmr/m/n on input line 63.
LaTeX Font Info:    ... okay on input line 63.
LaTeX Font Info:    Checking defaults for TS1/cmr/m/n on input line 63.
LaTeX Font Info:    Try loading font information for TS1+cmr on input line 63.
 (/usr/local/texlive/2018/texmf-dist/tex/latex/base/ts1cmr.fd
File: ts1cmr.fd 2014/09/29 v2.5h Standard LaTeX font definitions
)
LaTeX Font Info:    ... okay on input line 63.
LaTeX Font Info:    Checking defaults for PD1/pdf/m/n on input line 63.
LaTeX Font Info:    ... okay on input line 63.

(/usr/local/texlive/2018/texmf-dist/tex/context/base/mkii/supp-pdf.mkii
[Loading MPS to PDF converter (version 2006.09.02).]
\scratchcounter=\count118
\scratchdimen=\dimen124
\scratchbox=\box30
\nofMPsegments=\count119
\nofMParguments=\count120
\everyMPshowfont=\toks22
\MPscratchCnt=\count121
\MPscratchDim=\dimen125
\MPnumerator=\count122
\makeMPintoPDFobject=\count123
\everyMPtoPDFconversion=\toks23
) (/usr/local/texlive/2018/texmf-dist/tex/latex/oberdiek/epstopdf-base.sty
Package: epstopdf-base 2016/05/15 v2.6 Base part for package epstopdf

(/usr/local/texlive/2018/texmf-dist/tex/latex/oberdiek/grfext.sty
Package: grfext 2016/05/16 v1.2 Manage graphics extensions (HO)
)
Package epstopdf-base Info: Redefining graphics rule for `.eps' on input line 4
38.
Package grfext Info: Graphics extension search list:
(grfext)             [.png,.PNG,.pdf,.PDF,.jpg,.JPG,.eps]
(grfext)             \AppendGraphicsExtensions on input line 456.

(/usr/local/texlive/2018/texmf-dist/tex/latex/latexconfig/epstopdf-sys.cfg
File: epstopdf-sys.cfg 2010/07/13 v1.3 Configuration of (r)epstopdf for TeX Liv
e
))
\AtBeginShipoutBox=\box31
Package hyperref Info: Link coloring OFF on input line 63.

(/usr/local/texlive/2018/texmf-dist/tex/latex/hyperref/nameref.sty
Package: nameref 2016/05/21 v2.44 Cross-referencing by name of section

(/usr/local/texlive/2018/texmf-dist/tex/generic/oberdiek/gettitlestring.sty
Package: gettitlestring 2016/05/16 v1.5 Cleanup title references (HO)
)
\c@section@level=\count124
)
LaTeX Info: Redefining \ref on input line 63.
LaTeX Info: Redefining \pageref on input line 63.
LaTeX Info: Redefining \nameref on input line 63.

(./article.out) (./article.out)
\@outlinefile=\write3
\openout3 = `article.out'.


(/usr/local/texlive/2018/texmf-dist/tex/latex/oberdiek/pdflscape.sty
Package: pdflscape 2016/05/14 v0.11 Display of landscape pages in PDF (HO)

(/usr/local/texlive/2018/texmf-dist/tex/latex/graphics/lscape.sty
Package: lscape 2000/10/22 v3.01 Landscape Pages (DPC)
)
Package pdflscape Info: Auto-detected driver: pdftex on input line 81.
)
<INTERFACElogo.png, id=83, 267.399pt x 42.80608pt>
File: INTERFACElogo.png Graphic file (type png)
<use INTERFACElogo.png>
Package pdftex.def Info: INTERFACElogo.png  used on input line 73.
(pdftex.def)             Requested size: 355.48523pt x 56.9055pt.
<ETHlogo.png, id=84, 1027.84pt x 266.9975pt>
File: ETHlogo.png Graphic file (type png)
<use ETHlogo.png>
Package pdftex.def Info: ETHlogo.png  used on input line 73.
(pdftex.def)             Requested size: 219.05222pt x 56.9055pt.
<DMAVTlogo.png, id=86, 177.49213pt x 42.68797pt>
File: DMAVTlogo.png Graphic file (type png)
<use DMAVTlogo.png>
Package pdftex.def Info: DMAVTlogo.png  used on input line 73.
(pdftex.def)             Requested size: 177.45647pt x 42.67912pt.
 [1

{/usr/local/texlive/2018/texmf-var/fonts/map/pdftex/updmap/pdftex.map} <./INTER
FACElogo.png> <./ETHlogo.png> <./DMAVTlogo.png>] (./article.toc)
\tf@toc=\write4
\openout4 = `article.toc'.

 [1

] (./Abstract.tex)
(./GreatWork.texpdfTeX warning (ext4): destination with the same identifier (na
me{page.1}) has been already used, duplicate ignored
<to be read again> 
                   \relax 
l.29 
      [1

] [2] [3] [4] [5] [6]
Underfull \hbox (badness 10000) in paragraph at lines 218--231

 []


Underfull \hbox (badness 10000) in paragraph at lines 218--231

 []


Underfull \hbox (badness 10000) in paragraph at lines 218--231

 []


Underfull \hbox (badness 10000) in paragraph at lines 235--250

 []


Underfull \hbox (badness 10000) in paragraph at lines 235--250

 []


Underfull \hbox (badness 10000) in paragraph at lines 235--250

 []


Underfull \hbox (badness 10000) in paragraph at lines 235--250

 []

[7]
Underfull \hbox (badness 10000) in paragraph at lines 254--322

 []


Overfull \hbox (3.74977pt too wide) in paragraph at lines 254--322
\OT1/cmr/m/n/12 The bicgstab.cpp-part of the code is the im-ple-men-ta-tion of 
a solver based on the Parameter-
 []


Underfull \hbox (badness 10000) in paragraph at lines 254--322

 []


Underfull \hbox (badness 10000) in paragraph at lines 254--322

 []


Underfull \hbox (badness 10000) in paragraph at lines 254--322

 []


Underfull \hbox (badness 10000) in paragraph at lines 254--322

 []


Underfull \hbox (badness 10000) in paragraph at lines 254--322

 []


Underfull \hbox (badness 10000) in paragraph at lines 254--322

 []


Underfull \hbox (badness 10000) in paragraph at lines 254--322

 []


Underfull \hbox (badness 10000) in paragraph at lines 254--322

 []


Overfull \hbox (9.98164pt too wide) in paragraph at lines 254--322
\OT1/cmr/m/n/12 Initial tis-sue source strengths (given uni-form so-lute field)
 are com-puted in the initgreens.cpp-
 []


Underfull \hbox (badness 10000) in paragraph at lines 254--322

 []


Underfull \hbox (badness 10000) in paragraph at lines 254--322

 []


Underfull \hbox (badness 10000) in paragraph at lines 254--322

 []


Underfull \hbox (badness 10000) in paragraph at lines 254--322

 []


Underfull \hbox (badness 10000) in paragraph at lines 254--322

 []


Underfull \hbox (badness 10000) in paragraph at lines 254--322

 []


Underfull \hbox (badness 10000) in paragraph at lines 254--322

 []


Underfull \hbox (badness 10000) in paragraph at lines 254--322

 []


Underfull \hbox (badness 10000) in paragraph at lines 254--322

 []


Underfull \hbox (badness 10000) in paragraph at lines 254--322

 []


Underfull \hbox (badness 10000) in paragraph at lines 254--322

 []


Underfull \hbox (badness 10000) in paragraph at lines 254--322

 []


Underfull \hbox (badness 10000) in paragraph at lines 254--322

 []

[8] [9]
<Contour_Krogh.png, id=223, 750.805pt x 701.62125pt>
File: Contour_Krogh.png Graphic file (type png)
<use Contour_Krogh.png>
Package pdftex.def Info: Contour_Krogh.png  used on input line 338.
(pdftex.def)             Requested size: 341.43306pt x 319.06686pt.
<Contour_Cardiac.png, id=225, 666.49pt x 665.48625pt>
File: Contour_Cardiac.png Graphic file (type png)
<use Contour_Cardiac.png>
Package pdftex.def Info: Contour_Cardiac.png  used on input line 355.
(pdftex.def)             Requested size: 241.84842pt x 241.4839pt.

Underfull \hbox (badness 10000) in paragraph at lines 351--359

 []

[10 <./Contour_Krogh.png>]
<Contour_Mescent1.png, id=236, 666.49pt x 655.44875pt>
File: Contour_Mescent1.png Graphic file (type png)
<use Contour_Mescent1.png>
Package pdftex.def Info: Contour_Mescent1.png  used on input line 367.
(pdftex.def)             Requested size: 241.84842pt x 237.84161pt.
<Contour_Mescent2.png, id=238, 670.505pt x 655.44875pt>
File: Contour_Mescent2.png Graphic file (type png)
<use Contour_Mescent2.png>
Package pdftex.def Info: Contour_Mescent2.png  used on input line 375.
(pdftex.def)             Requested size: 241.84842pt x 236.41142pt.

Underfull \hbox (badness 10000) in paragraph at lines 363--379

 []


Underfull \hbox (badness 10000) in paragraph at lines 363--379

 []


LaTeX Warning: `h' float specifier changed to `ht'.


LaTeX Warning: `h' float specifier changed to `ht'.

<Contour_Tumor.png, id=240, 779.91376pt x 705.63625pt>
File: Contour_Tumor.png Graphic file (type png)
<use Contour_Tumor.png>
Package pdftex.def Info: Contour_Tumor.png  used on input line 387.
(pdftex.def)             Requested size: 213.39566pt x 193.06537pt.

LaTeX Warning: `h' float specifier changed to `ht'.

[11 <./Contour_Cardiac.png>]

Package hyperref Warning: Token not allowed in a PDF string (PDFDocEncoding):
(hyperref)                removing `math shift' on input line 402.


Package hyperref Warning: Token not allowed in a PDF string (PDFDocEncoding):
(hyperref)                removing `superscript' on input line 402.


Package hyperref Warning: Token not allowed in a PDF string (PDFDocEncoding):
(hyperref)                removing `math shift' on input line 402.

<dumux_structure.png, id=256, 616.3025pt x 706.64pt>
File: dumux_structure.png Graphic file (type png)
<use dumux_structure.png>
Package pdftex.def Info: dumux_structure.png  used on input line 415.
(pdftex.def)             Requested size: 471.4981pt x 540.60236pt.

Overfull \hbox (16.25401pt too wide) in paragraph at lines 415--416
 [][] 
 []


Underfull \hbox (badness 10000) in paragraph at lines 410--419

 []


Underfull \hbox (badness 10000) in paragraph at lines 410--419

 []


Underfull \hbox (badness 10000) in paragraph at lines 410--419

 []


Underfull \hbox (badness 10000) in paragraph at lines 410--419

 []


Underfull \hbox (badness 10000) in paragraph at lines 410--419

 []


Underfull \hbox (badness 10000) in paragraph at lines 410--419

 []


Underfull \hbox (badness 10000) in paragraph at lines 410--419

 []


Underfull \hbox (badness 10000) in paragraph at lines 410--419

 []


Underfull \hbox (badness 10000) in paragraph at lines 410--419

 []


Underfull \hbox (badness 10000) in paragraph at lines 410--419

 []


Underfull \hbox (badness 10000) in paragraph at lines 410--419

 []

[12 <./Contour_Mescent1.png>] [13 <./Contour_Mescent2.png>]
<nord_pressure.png, id=276, 2639.8625pt x 1011.78pt>
File: nord_pressure.png Graphic file (type png)
<use nord_pressure.png>
Package pdftex.def Info: nord_pressure.png  used on input line 445.
(pdftex.def)             Requested size: 512.1496pt x 196.28508pt.

Overfull \hbox (56.90552pt too wide) in paragraph at lines 445--446
 [][] 
 []

<nord_velocity.png, id=278, 2639.8625pt x 1011.78pt>
File: nord_velocity.png Graphic file (type png)
<use nord_velocity.png>
Package pdftex.def Info: nord_velocity.png  used on input line 453.
(pdftex.def)             Requested size: 512.1496pt x 196.28508pt.

Overfull \hbox (56.90552pt too wide) in paragraph at lines 453--454
 [][] 
 []


Underfull \hbox (badness 10000) in paragraph at lines 442--457

 []


Underfull \hbox (badness 10000) in paragraph at lines 442--457

 []


Underfull \hbox (badness 10000) in paragraph at lines 442--457

 []


Underfull \hbox (badness 10000) in paragraph at lines 442--457

 []


Underfull \hbox (badness 10000) in paragraph at lines 442--457

 []


Underfull \hbox (badness 10000) in paragraph at lines 442--457

 []


Underfull \hbox (badness 10000) in paragraph at lines 442--457

 []


Underfull \hbox (badness 10000) in paragraph at lines 442--457

 []


Underfull \hbox (badness 10000) in paragraph at lines 442--457

 []


Underfull \hbox (badness 10000) in paragraph at lines 442--457

 []


Underfull \hbox (badness 10000) in paragraph at lines 442--457

 []


Underfull \hbox (badness 10000) in paragraph at lines 442--457

 []


Underfull \hbox (badness 10000) in paragraph at lines 442--457

 []


Underfull \hbox (badness 10000) in paragraph at lines 442--457

 []


Underfull \hbox (badness 10000) in paragraph at lines 442--457

 []


Underfull \hbox (badness 10000) in paragraph at lines 442--457

 []


Underfull \hbox (badness 10000) in paragraph at lines 442--457

 []


LaTeX Warning: `h' float specifier changed to `ht'.

[14 <./Contour_Tumor.png>] [15 <./dumux_structure.png>] [16 <./nord_pressure.pn
g (PNG copy)> <./nord_velocity.png (PNG copy)>]
<nephron_pressure.png, id=302, 2639.8625pt x 1011.78pt>
File: nephron_pressure.png Graphic file (type png)
<use nephron_pressure.png>
Package pdftex.def Info: nephron_pressure.png  used on input line 463.
(pdftex.def)             Requested size: 512.1496pt x 196.28508pt.

Overfull \hbox (56.90552pt too wide) in paragraph at lines 463--464
 [][] 
 []

<nephron_velocity.png, id=304, 2639.8625pt x 1011.78pt>
File: nephron_velocity.png Graphic file (type png)
<use nephron_velocity.png>
Package pdftex.def Info: nephron_velocity.png  used on input line 471.
(pdftex.def)             Requested size: 512.1496pt x 196.28508pt.

Overfull \hbox (56.90552pt too wide) in paragraph at lines 471--472
 [][] 
 []


Underfull \hbox (badness 10000) in paragraph at lines 460--475

 []


Underfull \hbox (badness 10000) in paragraph at lines 460--475

 []


Underfull \hbox (badness 10000) in paragraph at lines 460--475

 []

[17 <./nephron_pressure.png (PNG copy)> <./nephron_velocity.png (PNG copy)>]
Underfull \hbox (badness 10000) in paragraph at lines 487--492

 []


Underfull \hbox (badness 10000) in paragraph at lines 487--492

 []


Underfull \hbox (badness 10000) in paragraph at lines 515--519

 []

[18]) [19] (./article.bbl [20]) [21]
\openout2 = `Appendix.aux'.

 (./Appendix.tex
File: nephron_velocity.png Graphic file (type png)
<use nephron_velocity.png>
Package pdftex.def Info: nephron_velocity.png  used on input line 11.
(pdftex.def)             Requested size: 460.25078pt x 176.40707pt.

Overfull \hbox (5.0067pt too wide) in paragraph at lines 11--12
 [][] 
 []


Underfull \hbox (badness 10000) in paragraph at lines 15--16

 []

File: nephron_pressure.png Graphic file (type png)
<use nephron_pressure.png>
Package pdftex.def Info: nephron_pressure.png  used on input line 19.
(pdftex.def)             Requested size: 460.25078pt x 176.40707pt.

Overfull \hbox (5.0067pt too wide) in paragraph at lines 19--20
 [][] 
 []


Underfull \hbox (badness 10000) in paragraph at lines 23--24

 []

File: Contour_Cardiac.png Graphic file (type png)
<use Contour_Cardiac.png>
Package pdftex.def Info: Contour_Cardiac.png  used on input line 31.
(pdftex.def)             Requested size: 483.69684pt x 482.97797pt.

Overfull \hbox (28.45276pt too wide) in paragraph at lines 31--32
 [][] 
 []

) [22

] [23]
Package atveryend Info: Empty hook `BeforeClearDocument' on input line 126.
Package atveryend Info: Empty hook `AfterLastShipout' on input line 126.
 (./article.aux (./Appendix.aux))
Package atveryend Info: Executing hook `AtVeryEndDocument' on input line 126.
Package atveryend Info: Executing hook `AtEndAfterFileList' on input line 126.
Package rerunfilecheck Info: File `article.out' has not changed.
(rerunfilecheck)             Checksum: 59C3C9CCC4827BF6B33C9A2818CDB315;1297.


LaTeX Warning: There were multiply-defined labels.

Package atveryend Info: Empty hook `AtVeryVeryEnd' on input line 126.
 ) 
Here is how much of TeX's memory you used:
 7917 strings out of 492649
 113712 string characters out of 6129622
 216150 words of memory out of 5000000
 11559 multiletter control sequences out of 15000+600000
 13416 words of font info for 48 fonts, out of 8000000 for 9000
 1141 hyphenation exceptions out of 8191
 37i,14n,45p,730b,445s stack positions out of 5000i,500n,10000p,200000b,80000s
</usr/local/texlive/2018/texmf-dist/fonts/type1/public/amsfonts/cm/cmbx12.pfb
></usr/local/texlive/2018/texmf-dist/fonts/type1/public/amsfonts/cm/cmex10.pfb>
</usr/local/texlive/2018/texmf-dist/fonts/type1/public/amsfonts/cm/cmmi10.pfb><
/usr/local/texlive/2018/texmf-dist/fonts/type1/public/amsfonts/cm/cmmi12.pfb></
usr/local/texlive/2018/texmf-dist/fonts/type1/public/amsfonts/cm/cmmi7.pfb></us
r/local/texlive/2018/texmf-dist/fonts/type1/public/amsfonts/cm/cmmi8.pfb></usr/
local/texlive/2018/texmf-dist/fonts/type1/public/amsfonts/cm/cmr10.pfb></usr/lo
cal/texlive/2018/texmf-dist/fonts/type1/public/amsfonts/cm/cmr12.pfb></usr/loca
l/texlive/2018/texmf-dist/fonts/type1/public/amsfonts/cm/cmr6.pfb></usr/local/t
exlive/2018/texmf-dist/fonts/type1/public/amsfonts/cm/cmr8.pfb></usr/local/texl
ive/2018/texmf-dist/fonts/type1/public/amsfonts/cm/cmsy10.pfb></usr/local/texli
ve/2018/texmf-dist/fonts/type1/public/amsfonts/cm/cmsy6.pfb></usr/local/texlive
/2018/texmf-dist/fonts/type1/public/amsfonts/cm/cmsy8.pfb></usr/local/texlive/2
018/texmf-dist/fonts/type1/public/amsfonts/cm/cmti12.pfb>
Output written on article.pdf (25 pages, 4669480 bytes).
PDF statistics:
 427 PDF objects out of 1000 (max. 8388607)
 362 compressed objects within 4 object streams
 112 named destinations out of 1000 (max. 500000)
 226 words of extra memory for PDF output out of 10000 (max. 10000000)

